<?xml version="1.0" encoding="UTF-8"?>
<!-- Generated by org.testng.reporters.JUnitReportReporter -->
<testsuite hostname="DESKTOP-MMPGC82" failures="0" tests="2" name="Test_NG.Test_1" time="4.920" errors="0" timestamp="2023-01-04T05:06:00 IST" skipped="0">
  <testcase classname="Test_NG.Test_1" name="TC1" time="4.918"/>
  <system-out>
    <![CDATA[Hii testing how r u?]]>
  </system-out>
  <testcase classname="Test_NG.Test_1" name="TC2" time="0.002"/>
  <system-out>
    <![CDATA[Majja ma]]>
  </system-out>
</testsuite> <!-- Test_NG.Test_1 -->
