<?xml version="1.0" encoding="UTF-8"?>
<!-- Generated by org.testng.reporters.JUnitReportReporter -->
<testsuite hostname="DESKTOP-MMPGC82" failures="0" tests="3" name="Test_NG.Priority" time="0.030" errors="0" timestamp="2022-12-30T22:50:40 IST" skipped="0">
  <testcase classname="Test_NG.Priority" name="TC2" time="0.026"/>
  <system-out>
    <![CDATA[running TC 2]]>
  </system-out>
  <testcase classname="Test_NG.Priority" name="TC3" time="0.002"/>
  <system-out>
    <![CDATA[running TC 3]]>
  </system-out>
  <testcase classname="Test_NG.Priority" name="TC1" time="0.002"/>
  <system-out>
    <![CDATA[running TC 1]]>
  </system-out>
</testsuite> <!-- Test_NG.Priority -->
