<?xml version="1.0" encoding="UTF-8"?>
<!-- Generated by org.testng.reporters.JUnitReportReporter -->
<testsuite hostname="DESKTOP-MMPGC82" failures="0" tests="1" name="Test_NG.Assert_notequals" time="0.022" errors="0" timestamp="2023-01-05T18:52:48 IST" skipped="0">
  <testcase classname="Test_NG.Assert_notequals" name="S1" time="0.022"/>
  <system-out>
    <![CDATA[running S1()]]>
  </system-out>
</testsuite> <!-- Test_NG.Assert_notequals -->
