<?xml version="1.0" encoding="UTF-8"?>
<!-- Generated by org.testng.reporters.JUnitReportReporter -->
<testsuite hostname="DESKTOP-MMPGC82" failures="0" tests="1" name="Test_NG.Parallel_3" time="8.847" errors="0" timestamp="2023-01-02T19:39:36 IST" skipped="0">
  <testcase classname="Test_NG.Parallel_3" name="TC3" time="8.847"/>
  <system-out/>
</testsuite> <!-- Test_NG.Parallel_3 -->
