<?xml version="1.0" encoding="UTF-8"?>
<!-- Generated by org.testng.reporters.JUnitReportReporter -->
<testsuite hostname="DESKTOP-MMPGC82" failures="0" tests="1" name="Test_NG.Parallel_1" time="19.520" errors="0" timestamp="2023-01-02T19:39:36 IST" skipped="0">
  <testcase classname="Test_NG.Parallel_1" name="TC1" time="19.520"/>
  <system-out/>
</testsuite> <!-- Test_NG.Parallel_1 -->
