<?xml version="1.0" encoding="UTF-8"?>
<!-- Generated by org.testng.reporters.JUnitReportReporter -->
<testsuite hostname="DESKTOP-MMPGC82" failures="0" tests="2" name="Test_NG.Multibrowser" time="23.363" errors="0" timestamp="2023-01-05T23:11:34 IST" skipped="0">
  <testcase classname="Test_NG.Multibrowser" name="TC" time="13.947"/>
  <system-out/>
  <testcase classname="Test_NG.Multibrowser" name="TC" time="9.416"/>
  <system-out/>
</testsuite> <!-- Test_NG.Multibrowser -->
