<?xml version="1.0" encoding="UTF-8"?>
<!-- Generated by org.testng.reporters.JUnitReportReporter -->
<testsuite hostname="DESKTOP-MMPGC82" failures="0" tests="1" name="Test_NG.Sagar_1" time="6.212" errors="0" timestamp="2023-01-02T20:04:32 IST" skipped="0">
  <testcase classname="Test_NG.Sagar_1" name="TC1" time="6.212"/>
  <system-out/>
</testsuite> <!-- Test_NG.Sagar_1 -->
