<?xml version="1.0" encoding="UTF-8"?>
<!-- Generated by org.testng.reporters.JUnitReportReporter -->
<testsuite hostname="DESKTOP-MMPGC82" failures="0" tests="2" name="Test_NG.Enabled" time="0.020" errors="0" timestamp="2023-01-05T22:24:41 IST" skipped="1">
  <testcase classname="Test_NG.Enabled" name="TC1" time="0.020"/>
  <system-out>
    <![CDATA[Its my first program in Test ng]]>
  </system-out>
  <testcase classname="Test_NG.Enabled" name="TC2">
    <skipped/>
  </testcase> <!-- TC2 -->
  <system-out/>
</testsuite> <!-- Test_NG.Enabled -->
