<?xml version="1.0" encoding="UTF-8"?>
<!-- Generated by org.testng.reporters.JUnitReportReporter -->
<testsuite hostname="DESKTOP-MMPGC82" failures="0" tests="2" name="Test_NG.Timeouts" time="0.026" errors="0" timestamp="2023-01-05T22:32:43 IST" skipped="0">
  <testcase classname="Test_NG.Timeouts" name="TC1" time="0.017"/>
  <system-out>
    <![CDATA[Its my first program in Test ng]]>
  </system-out>
  <testcase classname="Test_NG.Timeouts" name="TC2" time="0.009"/>
  <system-out>
    <![CDATA[Its my second program in Test ng]]>
  </system-out>
</testsuite> <!-- Test_NG.Timeouts -->
