<?xml version="1.0" encoding="UTF-8"?>
<!-- Generated by org.testng.reporters.JUnitReportReporter -->
<testsuite hostname="DESKTOP-MMPGC82" failures="0" tests="1" name="Test_NG.Testing_Annotations" time="0.021" errors="0" timestamp="2022-12-30T22:41:46 IST" skipped="0">
  <testcase classname="Test_NG.Testing_Annotations" name="verifyText" time="0.021"/>
  <system-out>
    <![CDATA[Running Actual test case]]>
  </system-out>
</testsuite> <!-- Test_NG.Testing_Annotations -->
