<?xml version="1.0" encoding="UTF-8"?>
<!-- Generated by org.testng.reporters.JUnitReportReporter -->
<testsuite hostname="DESKTOP-MMPGC82" failures="0" tests="3" name="Test_NG.Sample_1" time="0.010" errors="0" timestamp="2023-01-02T18:56:37 IST" skipped="0">
  <testcase classname="Test_NG.Sample_1" name="TC4" time="0.003"/>
  <system-out>
    <![CDATA[Running TC4]]>
  </system-out>
  <testcase classname="Test_NG.Sample_1" name="TC6" time="0.004"/>
  <system-out>
    <![CDATA[Running TC6]]>
  </system-out>
  <testcase classname="Test_NG.Sample_1" name="TC5" time="0.003"/>
  <system-out>
    <![CDATA[Running TC5]]>
  </system-out>
</testsuite> <!-- Test_NG.Sample_1 -->
