<?xml version="1.0" encoding="UTF-8"?>
<!-- Generated by org.testng.reporters.JUnitReportReporter -->
<testsuite hostname="DESKTOP-MMPGC82" failures="0" tests="1" name="Test_NG.CrossBrowser" time="7.373" errors="0" timestamp="2023-01-05T22:55:31 IST" skipped="0">
  <testcase classname="Test_NG.CrossBrowser" name="TC" time="7.373"/>
  <system-out/>
</testsuite> <!-- Test_NG.CrossBrowser -->
