<?xml version="1.0" encoding="UTF-8"?>
<!-- Generated by org.testng.reporters.JUnitReportReporter -->
<testsuite hostname="DESKTOP-MMPGC82" failures="0" tests="3" name="Test_NG.Sample" time="0.059" errors="0" timestamp="2023-01-02T18:56:37 IST" skipped="0">
  <testcase classname="Test_NG.Sample" name="TC3" time="0.005"/>
  <system-out>
    <![CDATA[Running TC3]]>
  </system-out>
  <testcase classname="Test_NG.Sample" name="TC1" time="0.050"/>
  <system-out>
    <![CDATA[Running TC1]]>
  </system-out>
  <testcase classname="Test_NG.Sample" name="TC2" time="0.004"/>
  <system-out>
    <![CDATA[Running TC2]]>
  </system-out>
</testsuite> <!-- Test_NG.Sample -->
