<?xml version="1.0" encoding="UTF-8"?>
<!-- Generated by org.testng.reporters.JUnitReportReporter -->
<testsuite hostname="DESKTOP-MMPGC82" failures="0" tests="4" name="Test_NG.Priority_2" time="0.023" errors="0" timestamp="2022-12-30T22:55:08 IST" skipped="0">
  <testcase classname="Test_NG.Priority_2" name="prabhas" time="0.018"/>
  <system-out>
    <![CDATA[running prabhas]]>
  </system-out>
  <testcase classname="Test_NG.Priority_2" name="eshwar" time="0.002"/>
  <system-out>
    <![CDATA[running eshwar]]>
  </system-out>
  <testcase classname="Test_NG.Priority_2" name="dhanush" time="0.001"/>
  <system-out>
    <![CDATA[running dhanush]]>
  </system-out>
  <testcase classname="Test_NG.Priority_2" name="alluarjun" time="0.002"/>
  <system-out>
    <![CDATA[running alluarjun]]>
  </system-out>
</testsuite> <!-- Test_NG.Priority_2 -->
