<?xml version="1.0" encoding="UTF-8"?>
<!-- Generated by org.testng.reporters.JUnitReportReporter -->
<testsuite hostname="DESKTOP-MMPGC82" failures="0" tests="1" name="Test_NG.Assert_equals" time="0.024" errors="0" timestamp="2023-01-09T20:28:56 IST" skipped="0">
  <testcase classname="Test_NG.Assert_equals" name="S1" time="0.024"/>
  <system-out>
    <![CDATA[running S1()]]>
  </system-out>
</testsuite> <!-- Test_NG.Assert_equals -->
