<?xml version="1.0" encoding="UTF-8"?>
<!-- Generated by org.testng.reporters.JUnitReportReporter -->
<testsuite hostname="DESKTOP-MMPGC82" failures="0" tests="3" name="Test_NG.Sample_2" time="0.010" errors="0" timestamp="2023-01-02T18:56:37 IST" skipped="0">
  <testcase classname="Test_NG.Sample_2" name="TC8" time="0.002"/>
  <system-out>
    <![CDATA[Running TC8]]>
  </system-out>
  <testcase classname="Test_NG.Sample_2" name="TC7" time="0.006"/>
  <system-out>
    <![CDATA[Running TC7]]>
  </system-out>
  <testcase classname="Test_NG.Sample_2" name="TC9" time="0.002"/>
  <system-out>
    <![CDATA[Running TC9]]>
  </system-out>
</testsuite> <!-- Test_NG.Sample_2 -->
