<?xml version="1.0" encoding="UTF-8"?>
<!-- Generated by org.testng.reporters.JUnitReportReporter -->
<testsuite hostname="DESKTOP-MMPGC82" failures="0" tests="1" name="Test_NG.Parallel_2" time="7.750" errors="0" timestamp="2023-01-02T19:39:35 IST" skipped="0">
  <testcase classname="Test_NG.Parallel_2" name="TC2" time="7.750"/>
  <system-out/>
</testsuite> <!-- Test_NG.Parallel_2 -->
